C51 COMPILER V9.54   MATRIXKEY                                                             10/31/2024 17:00:09 PAGE 1   


C51 COMPILER V9.54, COMPILATION OF MODULE MATRIXKEY
OBJECT MODULE PLACED IN .\Objects\matrixkey.obj
COMPILER INVOKED BY: C:\Keil_v5\C51\BIN\C51.EXE ..\..\matrixkey.c OPTIMIZE(8,SPEED) BROWSE DEBUG OBJECTEXTEND PRINT(.\Li
                    -stings\matrixkey.lst) TABS(2) OBJECT(.\Objects\matrixkey.obj)

line level    source

   1          #include<reg51.h>
   2          #define N 8 
   3          #define Wx_port P2
   4          #define Dx_port P0
   5          sbit k1=P3^0;
   6          sbit k2=P3^1;
   7          sbit k3=P3^2;
   8          sbit k4=P3^3;
   9          sbit o1=P3^4;
  10          sbit o2=P3^5;
  11          sbit o3=P3^6;
  12          sbit o4=P3^7;
  13          unsigned char Disp_Code[8]={0x00,0x00,0x00,0x00,0x00,0x00,0x00,0x3f};
  14          unsigned char code led_mode[11]={0x3f,0x06,0x5b,0x4f,0x66,0x6d,0x7d,0x07,0x7f,0x6f,0x00};
  15          unsigned char cur_sta[4][4]={{1,1,1,1},{1,1,1,1},{1,1,1,1},{1,1,1,1}};
  16          unsigned char pre_sta[4][4]={{1,1,1,1},{1,1,1,1},{1,1,1,1},{1,1,1,1}};
  17          void timer1_config()
  18          {
  19   1        TMOD=0x01; 
  20   1        TR0=1;//?????1
  21   1        TH0=63536>>8;//???????
  22   1        TL0=63536%256;
  23   1        EA=1;//?????
  24   1        ET0=1;//???1?????
  25   1      }
  26           char key_scan() //按键扫描函数,返回键值
  27          { unsigned char i=0,j=0;
  28   1        char key_value=-1;
  29   1        for(j=0;j<4;j++)
  30   1        {
  31   2          for(i=0;i<4;i++)
  32   2          {
  33   3          if(cur_sta[i][j]!=pre_sta[i][j])
  34   3          {
  35   4            if(pre_sta[i][j])
  36   4            {
  37   5              key_value=i+4*j; 
  38   5            }
  39   4            pre_sta[i][j]=cur_sta[i][j];//???????????
  40   4          }
  41   3         }
  42   2        }
  43   1        return(key_value);//???? 
  44   1      }
  45          void cur_sta_update()
  46          {
  47   1        static unsigned char j=0;
  48   1        unsigned char i=0;
  49   1        static unsigned char buff[4][4]={{0xff,0xff,0xff,0xff},{0xff,0xff,0xff,0xff},{0xff,0xff,0xff,0xff},{0xff,
             -0xff,0xff,0xff}};
  50   1         switch (j)
  51   1         {
  52   2           case 0: o1=0;o2=1;o3=1;o4=1;break;
  53   2           case 1:o1=1;o2=0;o3=1;o4=1;break;
C51 COMPILER V9.54   MATRIXKEY                                                             10/31/2024 17:00:09 PAGE 2   

  54   2           case 2: o1=1;o2=1;o3=0;o4=1;break;
  55   2           case 3:o1=1;o2=1;o3=1;o4=0;break;
  56   2           default:break;
  57   2         }
  58   1        buff[0][j]=(buff[0][j]<<1)|k1;// ?????????buff?
  59   1         buff[1][j]=(buff[1][j]<<1)|k2;
  60   1         buff[2][j]=(buff[2][j]<<1)|k3;
  61   1         buff[3][j]=(buff[3][j]<<1)|k4;
  62   1        for(i=0;i<4;i++)
  63   1        {
  64   2        if(buff[i][j]==0xff)//?? 1
  65   2          cur_sta[i][j]=1;
  66   2        else if(buff[i][j]==0x00) //??0
  67   2          cur_sta[i][j]=0;
  68   2        }
  69   1        j++;
  70   1        if(j==4) j=0;
  71   1      }
  72          void Show(unsigned int cur_value)
  73          {
  74   1        char i=0;
  75   1        unsigned int tmp;
  76   1        unsigned char k=0;
  77   1        tmp=cur_value;
  78   1        if(tmp==0)
  79   1        {
  80   2          Disp_Code[7]=led_mode[0];
  81   2        }
  82   1        else
  83   1        {
  84   2        while(tmp)
  85   2        {
  86   3         Disp_Code[7-k]=led_mode[tmp%10];
  87   3          tmp=tmp/10;
  88   3          k++;
  89   3        }
  90   2        for(i=0;i<(8-k);i++)
  91   2        Disp_Code[i]=0x00;//清除之前的显示
  92   2       }
  93   1      }
  94          
  95          void key_action(char key_value)
  96          {
  97   1        static unsigned int result=0;
  98   1        static unsigned char op=0;
  99   1        static unsigned int add1=0;//第一个操作数
 100   1        static unsigned int cur_value=0;
 101   1       if(key_value>=0 && key_value<=9) //按下为数字按键
 102   1       {
 103   2         cur_value=cur_value*10+key_value;
 104   2         Show(cur_value);//把当前值显示到数码管上
 105   2       }
 106   1       else if(key_value>=10 && key_value<=13)//按下为运算符 
 107   1       {
 108   2         if (op==0)
 109   2         {
 110   3          add1=cur_value;//把键入的第一个操作数存起来
 111   3         }
 112   2         op=key_value;//把操作符存起来
 113   2       }
 114   1       else if(key_value==14)//按下 为=
 115   1       {
C51 COMPILER V9.54   MATRIXKEY                                                             10/31/2024 17:00:09 PAGE 3   

 116   2         switch (op)
 117   2         {
 118   3           case 10:result=cur_value+add1;break;
 119   3           case 11:result=add1-cur_value;break;
 120   3           case 12:result=cur_value*add1;break;
 121   3           case 13:result=add1/cur_value;break;
 122   3           default:break;
 123   3         }
 124   2        Show(result);
 125   2        add1=result;
 126   2       }
 127   1       else if(key_value==15) //clear 
 128   1       {
 129   2        add1=0;
 130   2        result=0;
 131   2         cur_value=0;
 132   2         op=0;
 133   2         Show(0);
 134   2       }
 135   1      }
 136          void delay_ms(unsigned char z)
 137          {
 138   1       unsigned int i,j;
 139   1        for(i=0;i<z;i++)
 140   1        for(j=0;j<125;j++);
 141   1      }
 142          void  SegLed_Scan()
 143          {
 144   1        static unsigned char i=0;
 145   1       Wx_port=(0xfe<<i)|(0xfe>>(8-i));//????
 146   1       Dx_port=Disp_Code[i];
 147   1        delay_ms(1);//?????
 148   1        Dx_port=0x00;//??
 149   1        i++;
 150   1        if(i==N) i=0;
 151   1      }
 152          void main()
 153          {
 154   1       char key_value=-1;
 155   1        timer1_config();//?????1
 156   1       
 157   1        while(1)
 158   1       {
 159   2         SegLed_Scan();//数码管的刷新
 160   2         key_value=key_scan();
 161   2         key_action(key_value);
 162   2       }
 163   1      }
 164          
 165          void timer1_50ms() interrupt 1
 166          {
 167   1      
 168   1        TH0=63536>>8;//???????
 169   1        TL0=63536%256;
 170   1       cur_sta_update();
 171   1      }


MODULE INFORMATION:   STATIC OVERLAYABLE
   CODE SIZE        =    727    ----
   CONSTANT SIZE    =     11    ----
   XDATA SIZE       =   ----    ----
C51 COMPILER V9.54   MATRIXKEY                                                             10/31/2024 17:00:09 PAGE 4   

   PDATA SIZE       =   ----    ----
   DATA SIZE        =     65       3
   IDATA SIZE       =   ----    ----
   BIT SIZE         =   ----    ----
END OF MODULE INFORMATION.


C51 COMPILATION COMPLETE.  0 WARNING(S),  0 ERROR(S)
