C51 COMPILER V9.54   TRAIN2                                                                10/28/2024 20:22:21 PAGE 1   


C51 COMPILER V9.54, COMPILATION OF MODULE TRAIN2
OBJECT MODULE PLACED IN .\Objects\train2.obj
COMPILER INVOKED BY: C:\Keil_v5\C51\BIN\C51.EXE train2.c OPTIMIZE(8,SPEED) BROWSE DEBUG OBJECTEXTEND PRINT(.\Listings\tr
                    -ain2.lst) TABS(2) OBJECT(.\Objects\train2.obj)

line level    source

   1          #include<reg51.h>
   2          #define N 8
   3          sbit key1 = P3^1;
   4          sbit beep = P2^5;
   5          sbit led = P2^0;
   6          unsigned char cur_sta=1;
   7          unsigned char pre_sta=1;
   8          unsigned char clock_sta = 1; //1表示时钟运行，0表示暂停 
   9          unsigned char key_value=0;
  10          unsigned char beep_on=0;  //1表示闹钟响，0表示闹钟关闭
  11          
  12          unsigned char seg_mode[10]={0x3f,0x06,0x5b,0x4f,0x66,0x6d,0x7d,0x07,
  13                                  0x7f,0x6f};
  14          unsigned char disp_code[8]={0x3f,0x3f,0x40,0x3f,0x3f,0x40,0x3f,0x3f};
  15          
  16          void delay_ms(unsigned int z) //延时函数
  17          {
  18   1        unsigned int j;
  19   1        unsigned int i;
  20   1        for(i=0;i<z;i++)
  21   1          for(j=0;j<125;j++);
  22   1      }
  23          
  24          void seg_led_scan() //数码管扫描函数
  25          {
  26   1        static unsigned int i;
  27   1        unsigned char bit_mode[8]={0xff,0xfa,0xf7,0xf3,0xef,0xea,0xe7,0xe3};
  28   1        
  29   1        P2=bit_mode[i];  //位选信号，控制哪个数码管亮
  30   1        P0=disp_code[i]; //段选信号，控制亮什么
  31   1        delay_ms(1); //控制刷新率
  32   1        //P0=0x00;  //消除鬼影
  33   1        i++;
  34   1        if (i==N) i=0;
  35   1      }
  36          
  37          void disp_code_update() //数码管更新函数
  38          {
  39   1        static unsigned char sec=0;
  40   1        static unsigned char min=0;
  41   1        static unsigned char hour=0;
  42   1        sec++;
  43   1        if(sec==60) 
  44   1        {
  45   2          sec=0;
  46   2          min++;
  47   2          if(min==60)
  48   2          {
  49   3            hour++;
  50   3            if(hour==24) hour=0;
  51   3          }
  52   2        }
  53   1        disp_code[7]=seg_mode[sec%10];
  54   1        disp_code[6]=seg_mode[sec/10];
C51 COMPILER V9.54   TRAIN2                                                                10/28/2024 20:22:21 PAGE 2   

  55   1        disp_code[4]=seg_mode[min%10];
  56   1        disp_code[3]=seg_mode[min/10];
  57   1        disp_code[1]=seg_mode[hour%10];
  58   1        disp_code[0]=seg_mode[hour/10];
  59   1        
  60   1        if ((hour==0)&&(min==0)&&(sec==30))
  61   1          beep_on=1;
  62   1        
  63   1      }
  64          
  65          void alarm_on() //蜂鸣器设置闹钟
  66          {
  67   1        static unsigned beep_count = 0;
  68   1        beep = ~beep;//产生一定频率的脉冲信号
  69   1        beep_count++;
  70   1        if (beep_count==600)
  71   1        {
  72   2          beep_count=0;
  73   2          beep_on=0;
  74   2        }
  75   1      }
  76          
  77          void cur_sta_update() //按键状态更新函数
  78          {
  79   1        static unsigned char buff=0xff;
  80   1        unsigned char i=0;
  81   1        //消抖
  82   1        buff=(buff<<1)|key1;//把新抽样的值加到buff中
  83   1        if (buff==0xff)//8次采样全为1
  84   1          cur_sta=1;
  85   1        else if (buff==0x00)//全为0
  86   1          cur_sta=0;
  87   1        
  88   1      }
  89          
  90          void timer1_config() //定时器函数
  91          {
  92   1        TR1=1; //打开定时计数器1
  93   1        TMOD=0x10; //定时器工作方式为1
  94   1        //定时计数器的初始值设置
  95   1        TH1=64536>>8;  //(65536-x)>>8
  96   1        TL1=64536;  //(65536-x)%256
  97   1        EA=1;  //中断总允许
  98   1        ET1=1; //定时器1中断分允许
  99   1      }
 100          
 101          void timer1_1ms() interrupt 3 //中断函数
 102          {
 103   1        static unsigned int count=0;
 104   1        TH1=64536>>8;  //重新设置初始值
 105   1        TL1=64536;
 106   1        cur_sta_update();
 107   1        if (clock_sta==1)
 108   1        {
 109   2          count++;
 110   2          if (count==1000)
 111   2          {
 112   3            count=0;
 113   3            disp_code_update();
 114   3          }
 115   2        }
 116   1        //if (beep_on) 
C51 COMPILER V9.54   TRAIN2                                                                10/28/2024 20:22:21 PAGE 3   

 117   1          //alarm_on();
 118   1          
 119   1      }
 120          
 121          void key_scan() //键值扫描函数
 122          {
 123   1        
 124   1        unsigned char i=0;
 125   1        if(cur_sta!=pre_sta)
 126   1        {
 127   2          if(pre_sta)
 128   2          {
 129   3            key_value=1;
 130   3          }
 131   2          pre_sta=cur_sta;
 132   2        }
 133   1      }
 134          
 135          void key_action() //按键行为函数
 136          {
 137   1        if (key_value==1) 
 138   1        { 
 139   2          clock_sta = !clock_sta;
 140   2          key_value=0;
 141   2        }
 142   1        
 143   1        
 144   1      }
 145          
 146          void main()
 147          {
 148   1        timer1_config(); //配置定时器1
 149   1        while(1)
 150   1        {
 151   2          seg_led_scan(); //数码管刷新函数
 152   2          key_scan();
 153   2          key_action();
 154   2        }
 155   1      }


MODULE INFORMATION:   STATIC OVERLAYABLE
   CODE SIZE        =    404    ----
   CONSTANT SIZE    =      8    ----
   XDATA SIZE       =   ----    ----
   PDATA SIZE       =   ----    ----
   DATA SIZE        =     33      10
   IDATA SIZE       =   ----    ----
   BIT SIZE         =   ----    ----
END OF MODULE INFORMATION.


C51 COMPILATION COMPLETE.  0 WARNING(S),  0 ERROR(S)
