C51 COMPILER V9.54   M_SEG_LED                                                             10/17/2024 14:35:35 PAGE 1   


C51 COMPILER V9.54, COMPILATION OF MODULE M_SEG_LED
OBJECT MODULE PLACED IN .\Objects\m_seg_led.obj
COMPILER INVOKED BY: C:\Keil_v5\C51\BIN\C51.EXE m_seg_led.c OPTIMIZE(8,SPEED) BROWSE DEBUG OBJECTEXTEND PRINT(.\Listings
                    -\m_seg_led.lst) TABS(2) OBJECT(.\Objects\m_seg_led.obj)

line level    source

   1          #include<reg51.h>
   2          
   3          unsigned char seg_mode[10]={0x3f,0x06,0x5b,0x4f,0x66,0x6d,0x7d,0x07,
   4                                  0x7f,0x6f};
   5          unsigned char disp_code[8]={0x3f,0x3f,0x3f,0x3f,0x3f,0x3f,0x3f,0x3f};
   6          
   7          void delay_ms(unsigned int z)
   8          {
   9   1        unsigned int j;
  10   1        unsigned int i;
  11   1        for(i=0;i<z;i++)
  12   1          for(j=0;j<125;j++);
  13   1      }
  14          
  15          void seg_led_scan()
  16          {
  17   1        static unsigned int i;
  18   1        unsigned char bit_mode[8]={0xff,0xfa,0xf7,0xf3,0xef,0xea,0xe7,0xe3};
  19   1        
  20   1        P2=bit_mode[i];  //位选信号，控制哪个数码管亮
  21   1        P0=disp_code[i]; //段选信号，控制亮什么
  22   1        delay_ms(1);
  23   1        //P0=0x00;  //消除鬼影
  24   1        i++;
  25   1        if (i==8) i=0;
  26   1      }
  27          
  28          void disp_code_update()
  29          {
  30   1        static unsigned char count=0;
  31   1        count++;
  32   1        if(count==100) count=0;
  33   1        disp_code[7]=seg_mode[count%10];
  34   1        disp_code[6]=seg_mode[count/10];
  35   1      }
  36          
  37          void timer1_config()
  38          {
  39   1        TR1=1; //打开定时计数器
  40   1        TMOD=0x10; //定时器工作方式为1
  41   1        TH0=0x3c;  //定时计数器的初始值设置
  42   1        TL0=0xb0;
  43   1      }
  44          
  45          void main()
  46          { 
  47   1        unsigned char count=0;
  48   1        //配置定时计数器的特殊功能寄存器
  49   1        timer1_config();
  50   1        while(1)
  51   1        {
  52   2          seg_led_scan(); //数码管刷新函数
  53   2          if (TF1==1)
  54   2          {
C51 COMPILER V9.54   M_SEG_LED                                                             10/17/2024 14:35:35 PAGE 2   

  55   3            TF1=0;
  56   3            TH0=0x3c;  //定时计数器的初始值设置
  57   3            TL0=0xb0;
  58   3            count++;  //记录溢出的次数，每次是50毫秒
  59   3          }
  60   2          if (count==20)  //1s到了
  61   2          {
  62   3            count=0;
  63   3            disp_code_update();
  64   3          } 
  65   2        }
  66   1      
  67   1      }


MODULE INFORMATION:   STATIC OVERLAYABLE
   CODE SIZE        =    177    ----
   CONSTANT SIZE    =      8    ----
   XDATA SIZE       =   ----    ----
   PDATA SIZE       =   ----    ----
   DATA SIZE        =     21       9
   IDATA SIZE       =   ----    ----
   BIT SIZE         =   ----    ----
END OF MODULE INFORMATION.


C51 COMPILATION COMPLETE.  0 WARNING(S),  0 ERROR(S)
