C51 COMPILER V9.54   SEG_LED                                                               09/26/2024 16:52:07 PAGE 1   


C51 COMPILER V9.54, COMPILATION OF MODULE SEG_LED
OBJECT MODULE PLACED IN .\Objects\seg_led.obj
COMPILER INVOKED BY: C:\Keil_v5\C51\BIN\C51.EXE seg_led.c OPTIMIZE(8,SPEED) BROWSE DEBUG OBJECTEXTEND PRINT(.\Listings\s
                    -eg_led.lst) TABS(2) OBJECT(.\Objects\seg_led.obj)

line level    source

   1          #include<reg51.h>
   2          void delay_ms(unsigned int z)
   3          {
   4   1        unsigned int j;
   5   1        unsigned int i;
   6   1        for(i=0;i<z;i++)
   7   1          for(j=0;j<125;j++);
   8   1      }
   9          
  10          sbit led = P2^7;
  11          
  12          void main()
  13          {
  14   1        unsigned char seg_mode[16]={0x3f,0x06,0x5b,0x4f,0x66,0x6d,0x7d,0x07,
  15   1                              0x7f,0x6f};
  16   1        // ,0x77,0x7c,0x39,0x5e,0x79,0x71
  17   1        unsigned char i=0;
  18   1      
  19   1        while(1)
  20   1        {
  21   2          unsigned char j;
  22   2          P2=0xff;
  23   2          P0=seg_mode[i];
  24   2          //P0=seg_mode[i%10];
  25   2          
  26   2          if(i>=5 && i<=10)
  27   2          {
  28   3            for(j=0;j<20;j++)
  29   3            {
  30   4              led=~led;
  31   4              delay_ms(50);
  32   4            }
  33   3          }
  34   2          else 
  35   2            delay_ms(1000);
  36   2          i++;
  37   2          if (i==10)
  38   2            i=0;
  39   2        }
  40   1      }


MODULE INFORMATION:   STATIC OVERLAYABLE
   CODE SIZE        =    113    ----
   CONSTANT SIZE    =     16    ----
   XDATA SIZE       =   ----    ----
   PDATA SIZE       =   ----    ----
   DATA SIZE        =   ----      17
   IDATA SIZE       =   ----    ----
   BIT SIZE         =   ----    ----
END OF MODULE INFORMATION.


C51 COMPILATION COMPLETE.  0 WARNING(S),  0 ERROR(S)
