C51 COMPILER V9.54   LED_FLASH                                                             09/19/2024 15:57:57 PAGE 1   


C51 COMPILER V9.54, COMPILATION OF MODULE LED_FLASH
OBJECT MODULE PLACED IN .\Objects\led_flash.obj
COMPILER INVOKED BY: C:\Keil_v5\C51\BIN\C51.EXE led_flash.c OPTIMIZE(8,SPEED) BROWSE DEBUG OBJECTEXTEND PRINT(.\Listings
                    -\led_flash.lst) TABS(2) OBJECT(.\Objects\led_flash.obj)

line level    source

   1          #include<reg51.h>
   2          #include<intrins.h>
   3          void delay_ms(unsigned char z);
   4          
   5          sbit led=P2^0;
   6          
   7          void main()
   8          {
   9   1        unsigned char n,i,m;
  10   1        n=20;
  11   1        m=1;
  12   1        while(1)
  13   1        {
  14   2          for(i=0;i<n;i++)
  15   2          {
  16   3            led=1;
  17   3            delay_ms(50*m);
  18   3            led=0;
  19   3            delay_ms(50*m);
  20   3            
  21   3          }
  22   2          if (m==4) m=1;
  23   2          else m=m*2;
  24   2          if (n==5) n=20;
  25   2          else n=n/2;
  26   2        
  27   2        }
  28   1      }
  29          
  30          void delay_ms(unsigned char z)
  31          {
  32   1        //延迟z毫秒，最大只能到255ms
  33   1        unsigned int i=0;
  34   1        unsigned char j=0;
  35   1        for(j=0;j<z;j++)
  36   1          {
  37   2            for(i=0;i<125;i++);
  38   2          }
  39   1      }


MODULE INFORMATION:   STATIC OVERLAYABLE
   CODE SIZE        =     96    ----
   CONSTANT SIZE    =   ----    ----
   XDATA SIZE       =   ----    ----
   PDATA SIZE       =   ----    ----
   DATA SIZE        =   ----       3
   IDATA SIZE       =   ----    ----
   BIT SIZE         =   ----    ----
END OF MODULE INFORMATION.


C51 COMPILATION COMPLETE.  0 WARNING(S),  0 ERROR(S)
