C51 COMPILER V9.54   LED_FLOW                                                              09/26/2024 01:04:59 PAGE 1   


C51 COMPILER V9.54, COMPILATION OF MODULE LED_FLOW
OBJECT MODULE PLACED IN .\Objects\led_flow.obj
COMPILER INVOKED BY: C:\Keil_v5\C51\BIN\C51.EXE led_flow.c OPTIMIZE(8,SPEED) BROWSE DEBUG OBJECTEXTEND PRINT(.\Listings\
                    -led_flow.lst) TABS(2) OBJECT(.\Objects\led_flow.obj)

line level    source

   1          #include<reg51.h>
   2          #define N 8  //定义流水灯的个数
   3          #define v 100 //定义流动速度
   4          #define D 2  //定义流动方向
   5          void delay_ms(unsigned char z);
   6          void led_running(unsigned int d);
   7          
   8          void main()
   9          {
  10   1        while(1)
  11   1        {
  12   2          led_running(D);
  13   2        }
  14   1      }
  15          
  16          void led_running(unsigned int d)
  17          {
  18   1        static char i=0;
  19   1        static int flag=0;
  20   1        
  21   1        if (d==0)  //流动方向为正向
  22   1          P2=~(0x01<<i);
  23   1        else if (d==1)  //流动方向为负向
  24   1          P2=~(0x80>>(8-N+i));
  25   1        else   //流动方向为正负交替
  26   1        {
  27   2          if (flag==0) 
  28   2            P2=~(0x01<<i);
  29   2          else
  30   2            P2=~(0x80>>(8-N+i));
  31   2          if (i==(N-1)) flag^=1;
  32   2        }
  33   1        
  34   1        delay_ms(v);
  35   1        i++;
  36   1        if (i==N) i=0;
  37   1      }
  38          
  39          void delay_ms(unsigned char z)
  40          {
  41   1        //延迟z毫秒，最大只能到255ms
  42   1        unsigned int i=0;
  43   1        unsigned char j=0;
  44   1        for(j=0;j<z;j++)
  45   1          {
  46   2            for(i=0;i<125;i++);
  47   2          }
  48   1      }


MODULE INFORMATION:   STATIC OVERLAYABLE
   CODE SIZE        =    136    ----
   CONSTANT SIZE    =   ----    ----
   XDATA SIZE       =   ----    ----
C51 COMPILER V9.54   LED_FLOW                                                              09/26/2024 01:04:59 PAGE 2   

   PDATA SIZE       =   ----    ----
   DATA SIZE        =      3    ----
   IDATA SIZE       =   ----    ----
   BIT SIZE         =   ----    ----
END OF MODULE INFORMATION.


C51 COMPILATION COMPLETE.  0 WARNING(S),  0 ERROR(S)
