C51 COMPILER V9.54   KEY                                                                   12/05/2024 16:25:08 PAGE 1   


C51 COMPILER V9.54, COMPILATION OF MODULE KEY
OBJECT MODULE PLACED IN .\Objects\key.obj
COMPILER INVOKED BY: C:\Keil_v5\C51\BIN\C51.EXE key.c OPTIMIZE(8,SPEED) BROWSE DEBUG OBJECTEXTEND PRINT(.\Listings\key.l
                    -st) TABS(2) OBJECT(.\Objects\key.obj)

line level    source

   1          #include<reg51.h>
   2          sbit k1=P1^0;
   3          sbit k2=P1^1;
   4          sbit k3=P1^2;
   5          unsigned char cur_sta[3]={1,1,1};
   6          unsigned char pre_sta[3]={1,1,1};
   7          void cur_sta_update()
   8          {
   9   1        static unsigned char buff[3]={0xff,0xff,0xff};
  10   1        unsigned char i=0;  
  11   1        buff[0]=(buff[0]<<1)|k1;//把新抽样的值加到buff中
  12   1        buff[1]=(buff[1]<<1)|k2;//把新抽样的值加到buff中
  13   1        buff[2]=(buff[2]<<1)|k3;//把新抽样的值加到buff中
  14   1        for(i=0;i<3;i++)
  15   1        {
  16   2          if (buff[i]==0xff)//8次采样全为1
  17   2            cur_sta[i]=1;
  18   2          else if (buff[i]==0x00)//全为0
  19   2            cur_sta[i]=0;
  20   2        }
  21   1      }
  22          
  23          char key_scan()
  24          {
  25   1        unsigned char key_value=-1;
  26   1        unsigned char i=0;
  27   1        for(i=0;i<3;i++)
  28   1        {
  29   2          {
  30   3            if(cur_sta[i]!=pre_sta[i])
  31   3            {
  32   4              if(pre_sta[i])
  33   4              {
  34   5                key_value=i;
  35   5              }
  36   4              pre_sta[i]=cur_sta[i];
  37   4            }
  38   3          }
  39   2        }
  40   1        return(key_value);//返回按键值
  41   1      }


MODULE INFORMATION:   STATIC OVERLAYABLE
   CODE SIZE        =    104    ----
   CONSTANT SIZE    =   ----    ----
   XDATA SIZE       =   ----    ----
   PDATA SIZE       =   ----    ----
   DATA SIZE        =      9    ----
   IDATA SIZE       =   ----    ----
   BIT SIZE         =   ----    ----
END OF MODULE INFORMATION.


C51 COMPILATION COMPLETE.  0 WARNING(S),  0 ERROR(S)
