C51 COMPILER V9.54   LCD                                                                   12/05/2024 16:27:52 PAGE 1   


C51 COMPILER V9.54, COMPILATION OF MODULE LCD
OBJECT MODULE PLACED IN .\Objects\lcd.obj
COMPILER INVOKED BY: C:\Keil_v5\C51\BIN\C51.EXE lcd.c OPTIMIZE(8,SPEED) BROWSE DEBUG OBJECTEXTEND PRINT(.\Listings\lcd.l
                    -st) TABS(2) OBJECT(.\Objects\lcd.obj)

line level    source

   1          #include<reg51.h>
   2          sbit RS=P2^0; //数据命令选择端口
   3          sbit RW=P2^1; //写入或读出选择
   4          sbit E=P2^2;  //LCD使能端口
   5          
   6          void delay_ms(unsigned char z)
   7          {
   8   1        unsigned char i,j;
   9   1        for(i=0;i<z;i++)
  10   1          for(j=0;j<125;j++);
  11   1      }
  12          
  13          unsigned char lcd_read_state() //读状态，确定LCD是否繁忙
  14          {
  15   1        unsigned char state;
  16   1        RS=0;
  17   1        RW=1;
  18   1        E=1; //LCD使能
  19   1        delay_ms(2);
  20   1        state=P0&0X80;
  21   1        E=0;//关闭使能
  22   1        return(state);
  23   1      }
  24          
  25          void lcd_write_cmd(unsigned cmd)
  26          {
  27   1        while(lcd_read_state());//等待繁忙结束
  28   1        RS=0;//表示写入的是指令
  29   1        RW=0;//写入状态
  30   1        P0=cmd;
  31   1        E=1;//使能LCD
  32   1        delay_ms(2);
  33   1        E=0;//命令发送完毕，关闭使能
  34   1      }
  35          
  36          void lcd_write_dat(unsigned char dat)
  37          {
  38   1        while(lcd_read_state());//等待繁忙结束
  39   1        RS=1;//表示写入的是数据
  40   1        RW=0;//写入状态
  41   1        P0=dat;
  42   1        E=1;//使能LCD
  43   1        delay_ms(2);
  44   1        E=0;//数据发送完毕，关闭使能
  45   1      }
  46          
  47          void lcd_init()
  48          {
  49   1        lcd_write_cmd(0x38);//5x7显示，8位数据总线，两行显示
  50   1        lcd_write_cmd(0x0c);//打开显示，光标不显示
  51   1        lcd_write_cmd(0x06);//光标右移，整屏不移动
  52   1        lcd_write_cmd(0x01);//清屏
  53   1        delay_ms(10);
  54   1      }
C51 COMPILER V9.54   LCD                                                                   12/05/2024 16:27:52 PAGE 2   

  55          
  56          void cursor_set(unsigned char x, unsigned char y)
  57          {
  58   1        unsigned char addr=0;
  59   1        if (x==0)//表明第一行
  60   1        {
  61   2          addr=0x80+y;
  62   2        }
  63   1        else if (x==1)
  64   1        {
  65   2          addr=0x80+y+0x40;
  66   2        }
  67   1        lcd_write_cmd(addr);
  68   1      }
  69          
  70          
  71          void lcd_show_str(unsigned char x, unsigned char y, char str[])
  72          {
  73   1        //把字符串显示到特定的位置
  74   1        char i=0;
  75   1        cursor_set(x,y);
  76   1        while(str[i]!='\0')
  77   1        {
  78   2          lcd_write_dat(str[i]);
  79   2          i++;
  80   2        }
  81   1      }
  82          
  83          void disp(unsigned char x, unsigned char y,unsigned int speed)
  84          {
  85   1        unsigned int tmp;
  86   1        tmp=speed;
  87   1        cursor_set(x,y);
  88   1        if(speed==0)
  89   1        {
  90   2          lcd_write_dat('0');
  91   2        }
  92   1        else
  93   1        {
  94   2          lcd_write_dat('0'+tmp/1000%10);
  95   2          lcd_write_dat('0'+tmp/100%10);
  96   2          lcd_write_dat('0'+tmp/10%10); 
  97   2          lcd_write_dat('0'+tmp%10);
  98   2        }
  99   1      }


MODULE INFORMATION:   STATIC OVERLAYABLE
   CODE SIZE        =    261    ----
   CONSTANT SIZE    =   ----    ----
   XDATA SIZE       =   ----    ----
   PDATA SIZE       =   ----    ----
   DATA SIZE        =   ----       6
   IDATA SIZE       =   ----    ----
   BIT SIZE         =   ----    ----
END OF MODULE INFORMATION.


C51 COMPILATION COMPLETE.  0 WARNING(S),  0 ERROR(S)
