C51 COMPILER V9.54   PID_MOTOR                                                             12/06/2024 20:25:54 PAGE 1   


C51 COMPILER V9.54, COMPILATION OF MODULE PID_MOTOR
OBJECT MODULE PLACED IN .\Objects\pid_motor.obj
COMPILER INVOKED BY: C:\Keil_v5\C51\BIN\C51.EXE pid_motor.c OPTIMIZE(8,SPEED) BROWSE DEBUG OBJECTEXTEND PRINT(.\Listings
                    -\pid_motor.lst) TABS(2) OBJECT(.\Objects\pid_motor.obj)

line level    source

   1          #include<reg51.h>
   2          sbit IN1=P2^3;
   3          sbit IN2=P2^4;
   4          sbit ENA_pwm=P2^5;
   5          bit sec_flag=0;
   6          unsigned int ratio=700;
   7          unsigned int pulse=0;
   8          unsigned int cur_pulse=0;
   9          unsigned int target_pulse=350;
  10          extern char key_scan(); 
  11          extern void cur_sta_update();
  12          extern void lcd_init();
  13          extern disp(unsigned char x, unsigned char y,unsigned int speed);
  14          
  15          void pid_ctr()
  16          {
  17   1        float kp=2.0;
  18   1        float ki=0.9;
  19   1        float kd=0.16;
  20   1        float delta_u=0;
  21   1        static int e=0,e1=0,e2=0;
  22   1        e=target_pulse-cur_pulse;
  23   1        delta_u=kp*(e-e1)+ki*e+kd*(e-2*e1+e2);
  24   1        ratio=ratio+(int) delta_u;
  25   1        e1=e;
  26   1        e2=e1;
  27   1      }
  28          
  29          void system_config()
  30          {
  31   1        TR1=1;
  32   1        TR0=1;
  33   1        TMOD=0x12;
  34   1        TH1=63536>>8;
  35   1        TL1=63536;
  36   1        TH0=156;
  37   1        TL0=156;
  38   1        EA=1;
  39   1        ET1=1;
  40   1        ET0=1;
  41   1        EX0=1;
  42   1        IT0=1;
  43   1      }
  44          
  45          void Ex0_int() interrupt 0
  46          {
  47   1        pulse++;
  48   1      }
  49          
  50          void timer0_100us() interrupt 1
  51          {
  52   1        static unsigned int cnt1=0;
  53   1        if (cnt1<ratio)
  54   1          ENA_pwm=1;
C51 COMPILER V9.54   PID_MOTOR                                                             12/06/2024 20:25:54 PAGE 2   

  55   1        else
  56   1          ENA_pwm=0;
  57   1        cnt1++;
  58   1        if (cnt1==1000) cnt1=0;
  59   1      }
  60          
  61          void timer1_2ms() interrupt 3
  62          {
  63   1        static int count1=0;
  64   1        TH1=63536>>8;  //重新设置初始值
  65   1        TL1=63536;
  66   1        cur_sta_update();
  67   1        count1++;
  68   1        if (count1==500)
  69   1        {
  70   2          count1=0;
  71   2          cur_pulse=pulse;
  72   2          pulse=0;
  73   2          sec_flag=1;
  74   2          pid_ctr();
  75   2        }
  76   1      }
  77          
  78          void key_action(unsigned char key_value)
  79          {
  80   1        if (key_value==0)
  81   1        {
  82   2          IN1=~IN1;
  83   2        }
  84   1        if (key_value==1)
  85   1        {
  86   2          target_pulse+=50;
  87   2          disp(1,2,target_pulse);
  88   2        }
  89   1        else if (key_value==2)
  90   1        {
  91   2          target_pulse-=50;
  92   2          disp(1,2,target_pulse);
  93   2        }
  94   1      }
  95          
  96          void main()
  97          {
  98   1        char key_value=-1;
  99   1        system_config();
 100   1        lcd_init();
 101   1        IN1=0;
 102   1        IN2=0;
 103   1        ENA_pwm=1;
 104   1        disp(1,2,target_pulse);
 105   1        while(1)
 106   1        {
 107   2          key_value=key_scan();
 108   2          key_action(key_value);
 109   2          if(sec_flag)
 110   2          {
 111   3            disp(0,2,cur_pulse);
 112   3            sec_flag=0;
 113   3          }
 114   2        }
 115   1      }

C51 COMPILER V9.54   PID_MOTOR                                                             12/06/2024 20:25:54 PAGE 3   


MODULE INFORMATION:   STATIC OVERLAYABLE
   CODE SIZE        =    495    ----
   CONSTANT SIZE    =   ----    ----
   XDATA SIZE       =   ----    ----
   PDATA SIZE       =   ----    ----
   DATA SIZE        =     18      14
   IDATA SIZE       =   ----    ----
   BIT SIZE         =      1    ----
END OF MODULE INFORMATION.


C51 COMPILATION COMPLETE.  0 WARNING(S),  0 ERROR(S)
