C51 COMPILER V9.54   INTERR                                                                10/17/2024 16:23:19 PAGE 1   


C51 COMPILER V9.54, COMPILATION OF MODULE INTERR
OBJECT MODULE PLACED IN .\Objects\interr.obj
COMPILER INVOKED BY: C:\Keil_v5\C51\BIN\C51.EXE interr.c OPTIMIZE(8,SPEED) BROWSE DEBUG OBJECTEXTEND PRINT(.\Listings\in
                    -terr.lst) TABS(2) OBJECT(.\Objects\interr.obj)

line level    source

   1          #include<reg51.h>
   2          #define N 8
   3          
   4          unsigned char seg_mode[10]={0x3f,0x06,0x5b,0x4f,0x66,0x6d,0x7d,0x07,
   5                                  0x7f,0x6f};
   6          unsigned char disp_code[8]={0x3f,0x3f,0x40,0x3f,0x3f,0x40,0x3f,0x3f};
   7          
   8          void delay_ms(unsigned int z)
   9          {
  10   1        unsigned int j;
  11   1        unsigned int i;
  12   1        for(i=0;i<z;i++)
  13   1          for(j=0;j<125;j++);
  14   1      }
  15          
  16          void seg_led_scan()
  17          {
  18   1        static unsigned int i;
  19   1        unsigned char bit_mode[8]={0xff,0xfa,0xf7,0xf3,0xef,0xea,0xe7,0xe3};
  20   1        
  21   1        P2=bit_mode[i];  //位选信号，控制哪个数码管亮
  22   1        P0=disp_code[i]; //段选信号，控制亮什么
  23   1        delay_ms(1); //控制刷新率
  24   1        //P0=0x00;  //消除鬼影
  25   1        i++;
  26   1        if (i==N) i=0;
  27   1      }
  28          
  29          void disp_code_update()
  30          {
  31   1        static unsigned char sec=0;
  32   1        static unsigned char min=0;
  33   1        static unsigned char hour=0;
  34   1        sec++;
  35   1        if(sec==60) 
  36   1        {
  37   2          sec=0;
  38   2          min++;
  39   2          if(min==60)
  40   2          {
  41   3            hour++;
  42   3            if(hour==24) hour=0;
  43   3          }
  44   2        }
  45   1        disp_code[7]=seg_mode[sec%10];
  46   1        disp_code[6]=seg_mode[sec/10];
  47   1        disp_code[4]=seg_mode[min%10];
  48   1        disp_code[3]=seg_mode[min/10];
  49   1        disp_code[1]=seg_mode[hour%10];
  50   1        disp_code[0]=seg_mode[hour/10];
  51   1      }
  52          
  53          void timer1_config()
  54          {
C51 COMPILER V9.54   INTERR                                                                10/17/2024 16:23:19 PAGE 2   

  55   1        TR1=1; //打开定时计数器1
  56   1        TMOD=0x10; //定时器工作方式为1
  57   1        //定时计数器的初始值设置
  58   1        TH1=0x3c;  //(65536-x)>>8
  59   1        TL1=0xb0;  //(65536-x)%256
  60   1        EA=1;  //中断总允许
  61   1        ET1=1; //定时器1中断分允许
  62   1      }
  63          
  64          void timer1_50ms() interrupt 3
  65          {
  66   1        static unsigned char count=0;
  67   1        TH1=0x3c;  //重新设置初始值
  68   1        TL1=0xb0;
  69   1        count++;
  70   1        if (count==20)
  71   1        {
  72   2          count=0;
  73   2          disp_code_update(); //更新控制刷新管显示的数字
  74   2        }
  75   1      
  76   1      }
  77          
  78          void main()
  79          {
  80   1        timer1_config(); //配置定时器1
  81   1        while(1)
  82   1        {
  83   2          seg_led_scan(); //数码管刷新函数
  84   2        }
  85   1      
  86   1      }


MODULE INFORMATION:   STATIC OVERLAYABLE
   CODE SIZE        =    262    ----
   CONSTANT SIZE    =      8    ----
   XDATA SIZE       =   ----    ----
   PDATA SIZE       =   ----    ----
   DATA SIZE        =     24       8
   IDATA SIZE       =   ----    ----
   BIT SIZE         =   ----    ----
END OF MODULE INFORMATION.


C51 COMPILATION COMPLETE.  0 WARNING(S),  0 ERROR(S)
