C51 COMPILER V9.54   FAN                                                                   11/28/2024 16:59:08 PAGE 1   


C51 COMPILER V9.54, COMPILATION OF MODULE FAN
OBJECT MODULE PLACED IN .\Objects\fan.obj
COMPILER INVOKED BY: C:\Keil_v5\C51\BIN\C51.EXE fan.c OPTIMIZE(8,SPEED) BROWSE DEBUG OBJECTEXTEND PRINT(.\Listings\fan.l
                    -st) TABS(2) OBJECT(.\Objects\fan.obj)

line level    source

   1          #include<reg51.h>
   2          #define N 4 
   3          #define Wx_port P2
   4          #define Dx_port P0
   5          sbit key1=P1^0;
   6          sbit key2=P1^1;
   7          sbit key3=P1^2;
   8          sbit fan_IO=P3^0;
   9          bit T_minus_mode=0;
  10          char min=0;
  11          unsigned char CoundDownHour=0;
  12          unsigned char TH1_Low=0;
  13          unsigned char TL1_Low=0;
  14          unsigned char TH1_High=0;
  15          unsigned char TL1_High=0; 
  16          unsigned char cur_sta[3]={1,1,1};
  17          unsigned char pre_sta[3]={1,1,1};
  18          unsigned char code led_mode[11]={0x3f,0x06,0x5b,0x4f,0x66,0x6d,0x7d,0x07,0x7f,0x6f,0x00};//0~9????
  19          unsigned char Disp_Code[4]={0x00,0x00,0x00,0x00};
  20          void PWM_config(unsigned char ratio, unsigned int period)
  21          {
  22   1        //ratio占空比，period周期以微秒为单位
  23   1        unsigned int HighvoltTime,LowvoltTime;
  24   1        HighvoltTime=period/100*ratio;
  25   1        LowvoltTime=period-HighvoltTime;
  26   1        TH1_Low=(65536-LowvoltTime)>>8;
  27   1        TL1_Low=(65536-LowvoltTime)%256;
  28   1        TH1_High=(65536-HighvoltTime)>>8;
  29   1        TL1_High=(65536-HighvoltTime)%256;
  30   1      }
  31          
  32          void delay_ms(unsigned char z)
  33          {
  34   1        unsigned int i,j;
  35   1        for(i=0;i<z;i++)
  36   1          for(j=0;j<125;j++);
  37   1      }
  38          
  39          void  SegLed_Scan()
  40          {
  41   1        static unsigned char i=0;
  42   1        Wx_port=(0xfe<<i)|(0xfe>>(8-i));//????
  43   1        Dx_port=Disp_Code[i];
  44   1        delay_ms(1);//?????
  45   1        Dx_port=0x00;//??
  46   1        i++;
  47   1        if(i==N) i=0;
  48   1      }
  49          
  50          void timer1_config()
  51          {
  52   1        TMOD=0x11; 
  53   1        TR0=1;//?????1
  54   1        TR1=0;//?????1
C51 COMPILER V9.54   FAN                                                                   11/28/2024 16:59:08 PAGE 2   

  55   1        TH0=63536>>8;//???????
  56   1        TL0=63536%256;
  57   1        
  58   1        EA=1;//?????
  59   1        ET0=1;//???1?????
  60   1        ET1=1;
  61   1      }
  62          void Disp_Code_update()
  63          {
  64   1        min--;
  65   1        if(min<0)
  66   1        {
  67   2          min=59;
  68   2          CoundDownHour=CoundDownHour-1;
  69   2        }
  70   1          Disp_Code[3]=led_mode[min%10];
  71   1          Disp_Code[2]=led_mode[min/10];
  72   1          Disp_Code[1]=led_mode[CoundDownHour%10];
  73   1          Disp_Code[0]=led_mode[CoundDownHour/10];
  74   1        if (min==0 && CoundDownHour==0)
  75   1        {
  76   2          fan_IO=0;
  77   2          T_minus_mode=0;
  78   2        }
  79   1      
  80   1      }
  81          
  82          unsigned char key_scan()
  83          { unsigned char i=0;
  84   1        unsigned char key_value=0;
  85   1        for(i=0;i<3;i++)
  86   1        {
  87   2          if(cur_sta[i]!=pre_sta[i])
  88   2          {
  89   3            if(pre_sta[i])
  90   3            {
  91   4              key_value=i+1; 
  92   4            }
  93   3            pre_sta[i]=cur_sta[i];
  94   3          }
  95   2        }
  96   1        return(key_value);
  97   1      }
  98          void cur_sta_update()
  99          {
 100   1        unsigned char i=0;
 101   1        static unsigned char buff[3]={0xff,0xff,0xff};
 102   1        buff[0]=(buff[0]<<1)|key1;
 103   1        buff[1]=(buff[1]<<1)|key2;
 104   1        buff[2]=(buff[2]<<1)|key3;
 105   1        for(i=0;i<3;i++)
 106   1        {
 107   2          if(buff[i]==0xff)
 108   2            cur_sta[i]=1;
 109   2          else if(buff[i]==0x00)
 110   2            cur_sta[i]=0;
 111   2        }
 112   1      }
 113          void key_action(unsigned char key_value)
 114          {
 115   1        static unsigned char level=1;
 116   1         if(key_value==1) //???????
C51 COMPILER V9.54   FAN                                                                   11/28/2024 16:59:08 PAGE 3   

 117   1         {
 118   2            TR1=~TR1;
 119   2           if(TR1==0)
 120   2             fan_IO=0;
 121   2         }
 122   1         else if(key_value==2)
 123   1         {
 124   2           if(TR1) //???????
 125   2           {
 126   3             level++;
 127   3             if(level==4) level=1;
 128   3             PWM_config(20*level,10000);
 129   3           }
 130   2         }
 131   1         else if(key_value==3)
 132   1         {
 133   2           T_minus_mode=1;
 134   2           CoundDownHour+=2;
 135   2           if(CoundDownHour>8)
 136   2           {
 137   3             CoundDownHour=0;
 138   3             T_minus_mode=0;
 139   3           }
 140   2           if(T_minus_mode)
 141   2           {
 142   3             Disp_Code[3]=led_mode[min%10];
 143   3             Disp_Code[2]=led_mode[min/10];
 144   3             Disp_Code[1]=led_mode[CoundDownHour%10];
 145   3             Disp_Code[0]=led_mode[CoundDownHour/10];
 146   3           }
 147   2           else
 148   2           {
 149   3             Disp_Code[3]=0x00;
 150   3             Disp_Code[2]=0x00;
 151   3             Disp_Code[1]=0x00;
 152   3             Disp_Code[0]=0x00;
 153   3             min=0;
 154   3             CoundDownHour=0;
 155   3           }
 156   2         }
 157   1      }
 158          
 159          void main()
 160          {
 161   1        unsigned char key_value=0;
 162   1        timer1_config();//配置定时器
 163   1        fan_IO=0;// 初始状态风扇关闭
 164   1        PWM_config(20,10000);
 165   1        while(1)
 166   1        {
 167   2          SegLed_Scan();
 168   2          key_value=key_scan();
 169   2          key_action(key_value);
 170   2      
 171   2        }
 172   1         
 173   1      }
 174          
 175          void timer0_2ms() interrupt 1
 176          {
 177   1        static unsigned int count=0;
 178   1        TH0=63536>>8;
C51 COMPILER V9.54   FAN                                                                   11/28/2024 16:59:08 PAGE 4   

 179   1        TL0=63536%256;
 180   1        cur_sta_update();
 181   1        if(T_minus_mode)
 182   1        {
 183   2          count++;
 184   2          if(count==500) 
 185   2          {
 186   3            count=0;
 187   3            Disp_Code_update();
 188   3          }
 189   2        }
 190   1      }
 191          
 192          void timer1_pwm() interrupt 3
 193          {
 194   1        if(fan_IO)
 195   1         {
 196   2           TH1=TH1_Low;
 197   2           TL1=TL1_Low;   
 198   2         }
 199   1         else
 200   1         {
 201   2           TH1=TH1_High;
 202   2           TL1=TL1_High;     
 203   2         }
 204   1         fan_IO=~fan_IO;
 205   1      }


MODULE INFORMATION:   STATIC OVERLAYABLE
   CODE SIZE        =    804    ----
   CONSTANT SIZE    =     11    ----
   XDATA SIZE       =   ----    ----
   PDATA SIZE       =   ----    ----
   DATA SIZE        =     23       7
   IDATA SIZE       =   ----    ----
   BIT SIZE         =      1    ----
END OF MODULE INFORMATION.


C51 COMPILATION COMPLETE.  0 WARNING(S),  0 ERROR(S)
