C51 COMPILER V9.54   PWM                                                                   11/28/2024 16:09:52 PAGE 1   


C51 COMPILER V9.54, COMPILATION OF MODULE PWM
OBJECT MODULE PLACED IN .\Objects\pwm.obj
COMPILER INVOKED BY: C:\Keil_v5\C51\BIN\C51.EXE pwm.c OPTIMIZE(8,SPEED) BROWSE DEBUG OBJECTEXTEND PRINT(.\Listings\pwm.l
                    -st) TABS(2) OBJECT(.\Objects\pwm.obj)

line level    source

   1          #include<reg51.h>
   2          sbit pwm_IO=P2^0;
   3          unsigned int TH1_Low=0;
   4          unsigned int TL1_Low=0;
   5          unsigned int TH1_High=0;
   6          unsigned int TL1_High=0;
   7          unsigned char code level[]={95,75,55,35,5,35,55,75};
   8          void PWM_config(unsigned char ratio, unsigned int period)
   9          {
  10   1        //ratio占空比，period周期以微秒为单位
  11   1        unsigned int HighvoltTime,LowvoltTime;
  12   1        HighvoltTime=period/100*ratio;
  13   1        LowvoltTime=period-HighvoltTime;
  14   1        TH1_Low=(65536-LowvoltTime)>>8;
  15   1        TL1_Low=(65536-LowvoltTime)%256;
  16   1        TH1_High=(65536-HighvoltTime)>>8;
  17   1        TL1_High=(65536-HighvoltTime)%256;
  18   1      }
  19          
  20          void timer1_config()
  21          {
  22   1        TR1=1; //打开定时计数器1
  23   1        TMOD=0x10; //定时器工作方式为1
  24   1        //定时计数器的初始值设置
  25   1        TH1=0;  //(65536-x)>>8
  26   1        TL1=0;  //(65536-x)%256
  27   1        EA=1;  //中断总允许
  28   1        ET1=1; //定时器1中断分允许
  29   1      }
  30          
  31          void timer1_ms() interrupt 3
  32          {
  33   1        static unsigned int count=0;
  34   1        static unsigned char index=0;
  35   1        if (pwm_IO)
  36   1        {
  37   2          TH1=TH1_Low;  //重新设置初始值
  38   2          TL1=TL1_Low;
  39   2        }
  40   1        else
  41   1        {
  42   2          TH1=TH1_High;  //重新设置初始值
  43   2          TL1=TL1_High;
  44   2        }
  45   1        pwm_IO=~pwm_IO;
  46   1        count++;
  47   1        if(count==600)
  48   1        {
  49   2          
  50   2        }
  51   1      }
*** WARNING C280 IN LINE 34 OF pwm.c: 'index': unreferenced local variable
  52          
  53          void main()
C51 COMPILER V9.54   PWM                                                                   11/28/2024 16:09:52 PAGE 2   

  54          {
  55   1        timer1_config();
  56   1        PWM_config(20,10000);
  57   1        while(1)
  58   1        {
  59   2          
  60   2        }
  61   1      }


MODULE INFORMATION:   STATIC OVERLAYABLE
   CODE SIZE        =    230    ----
   CONSTANT SIZE    =      8    ----
   XDATA SIZE       =   ----    ----
   PDATA SIZE       =   ----    ----
   DATA SIZE        =     11       5
   IDATA SIZE       =   ----    ----
   BIT SIZE         =   ----    ----
END OF MODULE INFORMATION.


C51 COMPILATION COMPLETE.  1 WARNING(S),  0 ERROR(S)
