C51 COMPILER V9.54   OLED_CLASS                                                            11/26/2024 19:58:32 PAGE 1   


C51 COMPILER V9.54, COMPILATION OF MODULE OLED_CLASS
OBJECT MODULE PLACED IN .\Objects\oled_class.obj
COMPILER INVOKED BY: C:\Keil_v5\C51\BIN\C51.EXE oled_class.c OPTIMIZE(8,SPEED) BROWSE DEBUG OBJECTEXTEND PRINT(.\Listing
                    -s\oled_class.lst) TABS(2) OBJECT(.\Objects\oled_class.obj)

line level    source

   1          #include<reg51.h>
   2          #define N 8
   3          sbit DS=P3^4;
   4          sbit rck=P3^5;
   5          sbit sck=P3^6;
   6          unsigned char disp_code[8]={0x00,0xFA,0x8A,0x8A,0x8F,0x8A,0x8A,0xFA};
   7          void delay_ms(unsigned char z)
   8          {
   9   1        unsigned int i,j;
  10   1        for(i=0;i<z;i++)
  11   1          for(j=0;j<125;j++);
  12   1      }
  13          
  14          void write_74HC595(unsigned char Dat)
  15          {
  16   1        unsigned char i=0;
  17   1        for(i=0;i<8;i++)
  18   1        {
  19   2          DS=(Dat&(0x01<<i));
  20   2          sck=0;
  21   2          sck=1;
  22   2        }
  23   1        rck=0;
  24   1        rck=1;
  25   1      }
  26          
  27          void oled_scan()
  28          {
  29   1        static unsigned char i=0;
  30   1        P0=~(0x80>>i);//控制哪列灯亮
  31   1        write_74HC595(disp_code[i]);
  32   1        delay_ms(2);//控制刷新率
  33   1        i++;
  34   1        if(i==N) i=0;
  35   1      }
  36          
  37          void main()
  38          {
  39   1        while(1)
  40   1        {
  41   2          oled_scan();
  42   2        }
  43   1      }


MODULE INFORMATION:   STATIC OVERLAYABLE
   CODE SIZE        =    126    ----
   CONSTANT SIZE    =   ----    ----
   XDATA SIZE       =   ----    ----
   PDATA SIZE       =   ----    ----
   DATA SIZE        =      9    ----
   IDATA SIZE       =   ----    ----
   BIT SIZE         =   ----    ----
END OF MODULE INFORMATION.

C51 COMPILER V9.54   OLED_CLASS                                                            11/26/2024 19:58:32 PAGE 2   


C51 COMPILATION COMPLETE.  0 WARNING(S),  0 ERROR(S)
